[2026-02-25 23:26:35] local.INFO: PDF račun je poslan na email iz tablice {"invoice_id":4,"invoice_number":"004-1-1","customer_name":"Sport for life Osijek","email_to":"mkopcic@gmail.com","total_amount":"148.18","user_id":2} 
[2026-02-25 23:26:38] local.INFO: PDF račun je poslan na email iz tablice {"invoice_id":3,"invoice_number":"003-1-1","customer_name":"Fitnes Centar Zagreb","email_to":"mkopcic@gmail.com","total_amount":"95.09","user_id":2} 
[2026-02-25 23:26:40] local.INFO: PDF račun je poslan na email iz tablice {"invoice_id":3,"invoice_number":"003-1-1","customer_name":"Fitnes Centar Zagreb","email_to":"mkopcic@gmail.com","total_amount":"95.09","user_id":2} 
[2026-02-25 23:26:51] local.INFO: Show component mount method called {"invoice_id":11} 
[2026-02-25 23:26:51] local.INFO: Show component mount completed successfully {"invoice_id":11} 
[2026-02-25 23:26:51] local.INFO: Show component render method called {"invoice_exists":true,"invoice_id":11} 
[2026-02-25 23:26:54] local.INFO: PDF račun je poslan na email {"invoice_id":11,"invoice_number":"011-1-1","customer_name":"Willdienstrad GmbH","email_to":"mkopcic@gmail.com","total_amount":"2.00","user_id":2} 
[2026-02-25 23:26:54] local.INFO: Show component render method called {"invoice_exists":true,"invoice_id":11} 
[2026-02-25 23:29:51] local.INFO: User logged out {"user_id":2,"email":"mkopcic@gmail.com","name":"Marijan Kopčić","ip_address":"127.0.0.1","user_agent":"Mozilla/5.0 (Windows NT 10.0; Win64; x64) AppleWebKit/537.36 (KHTML, like Gecko) Chrome/145.0.0.0 Safari/537.36"} 
[2026-02-25 23:29:51] local.INFO: Sending admin notification emails {"event_type":"logout","admin_emails":["mkopcic@gmail.com","server@mellon.hr"],"user":{"user_id":2,"name":"Marijan Kopčić","email":"mkopcic@gmail.com"}} 
[2026-02-25 23:29:51] local.INFO: Admin notification email sent successfully {"event_type":"logout","recipient":"mkopcic@gmail.com","user":"Marijan Kopčić"} 
[2026-02-25 23:29:51] local.INFO: Admin notification email sent successfully {"event_type":"logout","recipient":"server@mellon.hr","user":"Marijan Kopčić"} 
[2026-02-25 23:29:51] local.INFO: Admin notification email batch completed {"event_type":"logout","sent":2,"failed":0,"total":2} 
[2026-02-25 23:29:57] local.INFO: User logged in {"user_id":2,"email":"mkopcic@gmail.com","name":"Marijan Kopčić","ip_address":"127.0.0.1","user_agent":"Mozilla/5.0 (Windows NT 10.0; Win64; x64) AppleWebKit/537.36 (KHTML, like Gecko) Chrome/145.0.0.0 Safari/537.36"} 
[2026-02-25 23:29:57] local.INFO: Sending admin notification emails {"event_type":"login","admin_emails":["mkopcic@gmail.com","server@mellon.hr"],"user":{"user_id":2,"name":"Marijan Kopčić","email":"mkopcic@gmail.com"}} 
[2026-02-25 23:29:57] local.INFO: Admin notification email sent successfully {"event_type":"login","recipient":"mkopcic@gmail.com","user":"Marijan Kopčić"} 
[2026-02-25 23:29:57] local.INFO: Admin notification email sent successfully {"event_type":"login","recipient":"server@mellon.hr","user":"Marijan Kopčić"} 
[2026-02-25 23:29:57] local.INFO: Admin notification email batch completed {"event_type":"login","sent":2,"failed":0,"total":2} 
[2026-02-25 23:30:56] local.INFO: Show component mount method called {"invoice_id":95} 
[2026-02-25 23:30:56] local.INFO: Show component mount completed successfully {"invoice_id":95} 
[2026-02-25 23:30:56] local.INFO: Show component render method called {"invoice_exists":true,"invoice_id":95} 
[2026-02-25 23:30:57] local.INFO: PDF generation started {"invoice_id":95,"customer":"IT Solutions j.d.o.o."} 
[2026-02-25 23:30:58] local.INFO: PDF generated successfully {"invoice_id":95} 
[2026-02-25 23:33:18] local.INFO: PDF generation started {"invoice_id":95,"customer":"IT Solutions j.d.o.o."} 
[2026-02-25 23:33:19] local.INFO: PDF generated successfully {"invoice_id":95} 
[2026-02-25 23:34:54] local.INFO: PDF generation started {"invoice_id":95,"customer":"IT Solutions j.d.o.o."} 
[2026-02-25 23:34:54] local.INFO: PDF generated successfully {"invoice_id":95} 
[2026-02-25 23:35:27] local.INFO: Show component mount method called {"invoice_id":95} 
[2026-02-25 23:35:27] local.INFO: Show component mount completed successfully {"invoice_id":95} 
[2026-02-25 23:35:27] local.INFO: Show component render method called {"invoice_exists":true,"invoice_id":95} 
[2026-02-25 23:35:29] local.INFO: PDF generation started {"invoice_id":95,"customer":"IT Solutions j.d.o.o."} 
[2026-02-25 23:35:29] local.INFO: PDF generated successfully {"invoice_id":95} 
[2026-02-25 23:35:49] local.INFO: PDF generation started {"invoice_id":95,"customer":"IT Solutions j.d.o.o."} 
[2026-02-25 23:35:49] local.INFO: PDF generated successfully {"invoice_id":95} 
[2026-02-26 00:00:18] local.ERROR: The "--columns" option does not exist. {"exception":"[object] (Symfony\\Component\\Console\\Exception\\RuntimeException(code: 0): The \"--columns\" option does not exist. at C:/laragon/www/obrt-racuni-laravel-app/vendor/symfony/console/Input/ArgvInput.php:226)
[stacktrace]
#0 C:/laragon/www/obrt-racuni-laravel-app/vendor/symfony/console/Input/ArgvInput.php(153): Symfony/Component/Console/Input/ArgvInput->addLongOption('columns', 'uri,name,action...')
#1 C:/laragon/www/obrt-racuni-laravel-app/vendor/symfony/console/Input/ArgvInput.php(88): Symfony/Component/Console/Input/ArgvInput->parseLongOption('--columns=uri,n...')
#2 C:/laragon/www/obrt-racuni-laravel-app/vendor/symfony/console/Input/ArgvInput.php(77): Symfony/Component/Console/Input/ArgvInput->parseToken('--columns=uri,n...', true)
#3 C:/laragon/www/obrt-racuni-laravel-app/vendor/symfony/console/Input/Input.php(53): Symfony/Component/Console/Input/ArgvInput->parse()
#4 C:/laragon/www/obrt-racuni-laravel-app/vendor/symfony/console/Command/Command.php(295): Symfony/Component/Console/Input/Input->bind(Object(Symfony/Component/Console/Input/InputDefinition))
#5 C:/laragon/www/obrt-racuni-laravel-app/vendor/laravel/framework/src/Illuminate/Console/Command.php(180): Symfony/Component/Console/Command/Command->run(Object(Symfony/Component/Console/Input/ArgvInput), Object(Illuminate/Console/OutputStyle))
#6 C:/laragon/www/obrt-racuni-laravel-app/vendor/symfony/console/Application.php(1102): Illuminate/Console/Command->run(Object(Symfony/Component/Console/Input/ArgvInput), Object(Symfony/Component/Console/Output/ConsoleOutput))
#7 C:/laragon/www/obrt-racuni-laravel-app/vendor/symfony/console/Application.php(356): Symfony/Component/Console/Application->doRunCommand(Object(Illuminate/Foundation/Console/RouteListCommand), Object(Symfony/Component/Console/Input/ArgvInput), Object(Symfony/Component/Console/Output/ConsoleOutput))
#8 C:/laragon/www/obrt-racuni-laravel-app/vendor/symfony/console/Application.php(195): Symfony/Component/Console/Application->doRun(Object(Symfony/Component/Console/Input/ArgvInput), Object(Symfony/Component/Console/Output/ConsoleOutput))
#9 C:/laragon/www/obrt-racuni-laravel-app/vendor/laravel/framework/src/Illuminate/Foundation/Console/Kernel.php(198): Symfony/Component/Console/Application->run(Object(Symfony/Component/Console/Input/ArgvInput), Object(Symfony/Component/Console/Output/ConsoleOutput))
#10 C:/laragon/www/obrt-racuni-laravel-app/vendor/laravel/framework/src/Illuminate/Foundation/Application.php(1235): Illuminate/Foundation/Console/Kernel->handle(Object(Symfony/Component/Console/Input/ArgvInput), Object(Symfony/Component/Console/Output/ConsoleOutput))
#11 C:/laragon/www/obrt-racuni-laravel-app/artisan(16): Illuminate/Foundation/Application->handleCommand(Object(Symfony/Component/Console/Input/ArgvInput))
#12 {main}
"} 
[2026-02-26 00:00:21] local.ERROR: The "--columns" option does not exist. {"exception":"[object] (Symfony\\Component\\Console\\Exception\\RuntimeException(code: 0): The \"--columns\" option does not exist. at C:/laragon/www/obrt-racuni-laravel-app/vendor/symfony/console/Input/ArgvInput.php:226)
[stacktrace]
#0 C:/laragon/www/obrt-racuni-laravel-app/vendor/symfony/console/Input/ArgvInput.php(153): Symfony/Component/Console/Input/ArgvInput->addLongOption('columns', 'uri,name,action...')
#1 C:/laragon/www/obrt-racuni-laravel-app/vendor/symfony/console/Input/ArgvInput.php(88): Symfony/Component/Console/Input/ArgvInput->parseLongOption('--columns=uri,n...')
#2 C:/laragon/www/obrt-racuni-laravel-app/vendor/symfony/console/Input/ArgvInput.php(77): Symfony/Component/Console/Input/ArgvInput->parseToken('--columns=uri,n...', true)
#3 C:/laragon/www/obrt-racuni-laravel-app/vendor/symfony/console/Input/Input.php(53): Symfony/Component/Console/Input/ArgvInput->parse()
#4 C:/laragon/www/obrt-racuni-laravel-app/vendor/symfony/console/Command/Command.php(295): Symfony/Component/Console/Input/Input->bind(Object(Symfony/Component/Console/Input/InputDefinition))
#5 C:/laragon/www/obrt-racuni-laravel-app/vendor/laravel/framework/src/Illuminate/Console/Command.php(180): Symfony/Component/Console/Command/Command->run(Object(Symfony/Component/Console/Input/ArgvInput), Object(Illuminate/Console/OutputStyle))
#6 C:/laragon/www/obrt-racuni-laravel-app/vendor/symfony/console/Application.php(1102): Illuminate/Console/Command->run(Object(Symfony/Component/Console/Input/ArgvInput), Object(Symfony/Component/Console/Output/ConsoleOutput))
#7 C:/laragon/www/obrt-racuni-laravel-app/vendor/symfony/console/Application.php(356): Symfony/Component/Console/Application->doRunCommand(Object(Illuminate/Foundation/Console/RouteListCommand), Object(Symfony/Component/Console/Input/ArgvInput), Object(Symfony/Component/Console/Output/ConsoleOutput))
#8 C:/laragon/www/obrt-racuni-laravel-app/vendor/symfony/console/Application.php(195): Symfony/Component/Console/Application->doRun(Object(Symfony/Component/Console/Input/ArgvInput), Object(Symfony/Component/Console/Output/ConsoleOutput))
#9 C:/laragon/www/obrt-racuni-laravel-app/vendor/laravel/framework/src/Illuminate/Foundation/Console/Kernel.php(198): Symfony/Component/Console/Application->run(Object(Symfony/Component/Console/Input/ArgvInput), Object(Symfony/Component/Console/Output/ConsoleOutput))
#10 C:/laragon/www/obrt-racuni-laravel-app/vendor/laravel/framework/src/Illuminate/Foundation/Application.php(1235): Illuminate/Foundation/Console/Kernel->handle(Object(Symfony/Component/Console/Input/ArgvInput), Object(Symfony/Component/Console/Output/ConsoleOutput))
#11 C:/laragon/www/obrt-racuni-laravel-app/artisan(16): Illuminate/Foundation/Application->handleCommand(Object(Symfony/Component/Console/Input/ArgvInput))
#12 {main}
"} 
[2026-02-26 00:00:25] local.ERROR: The "--columns" option does not exist. {"exception":"[object] (Symfony\\Component\\Console\\Exception\\RuntimeException(code: 0): The \"--columns\" option does not exist. at C:/laragon/www/obrt-racuni-laravel-app/vendor/symfony/console/Input/ArgvInput.php:226)
[stacktrace]
#0 C:/laragon/www/obrt-racuni-laravel-app/vendor/symfony/console/Input/ArgvInput.php(153): Symfony/Component/Console/Input/ArgvInput->addLongOption('columns', 'uri,name,action...')
#1 C:/laragon/www/obrt-racuni-laravel-app/vendor/symfony/console/Input/ArgvInput.php(88): Symfony/Component/Console/Input/ArgvInput->parseLongOption('--columns=uri,n...')
#2 C:/laragon/www/obrt-racuni-laravel-app/vendor/symfony/console/Input/ArgvInput.php(77): Symfony/Component/Console/Input/ArgvInput->parseToken('--columns=uri,n...', true)
#3 C:/laragon/www/obrt-racuni-laravel-app/vendor/symfony/console/Input/Input.php(53): Symfony/Component/Console/Input/ArgvInput->parse()
#4 C:/laragon/www/obrt-racuni-laravel-app/vendor/symfony/console/Command/Command.php(295): Symfony/Component/Console/Input/Input->bind(Object(Symfony/Component/Console/Input/InputDefinition))
#5 C:/laragon/www/obrt-racuni-laravel-app/vendor/laravel/framework/src/Illuminate/Console/Command.php(180): Symfony/Component/Console/Command/Command->run(Object(Symfony/Component/Console/Input/ArgvInput), Object(Illuminate/Console/OutputStyle))
#6 C:/laragon/www/obrt-racuni-laravel-app/vendor/symfony/console/Application.php(1102): Illuminate/Console/Command->run(Object(Symfony/Component/Console/Input/ArgvInput), Object(Symfony/Component/Console/Output/ConsoleOutput))
#7 C:/laragon/www/obrt-racuni-laravel-app/vendor/symfony/console/Application.php(356): Symfony/Component/Console/Application->doRunCommand(Object(Illuminate/Foundation/Console/RouteListCommand), Object(Symfony/Component/Console/Input/ArgvInput), Object(Symfony/Component/Console/Output/ConsoleOutput))
#8 C:/laragon/www/obrt-racuni-laravel-app/vendor/symfony/console/Application.php(195): Symfony/Component/Console/Application->doRun(Object(Symfony/Component/Console/Input/ArgvInput), Object(Symfony/Component/Console/Output/ConsoleOutput))
#9 C:/laragon/www/obrt-racuni-laravel-app/vendor/laravel/framework/src/Illuminate/Foundation/Console/Kernel.php(198): Symfony/Component/Console/Application->run(Object(Symfony/Component/Console/Input/ArgvInput), Object(Symfony/Component/Console/Output/ConsoleOutput))
#10 C:/laragon/www/obrt-racuni-laravel-app/vendor/laravel/framework/src/Illuminate/Foundation/Application.php(1235): Illuminate/Foundation/Console/Kernel->handle(Object(Symfony/Component/Console/Input/ArgvInput), Object(Symfony/Component/Console/Output/ConsoleOutput))
#11 C:/laragon/www/obrt-racuni-laravel-app/artisan(16): Illuminate/Foundation/Application->handleCommand(Object(Symfony/Component/Console/Input/ArgvInput))
#12 {main}
"} 
[2026-02-26 00:03:37] local.ERROR: The "--columns" option does not exist. {"exception":"[object] (Symfony\\Component\\Console\\Exception\\RuntimeException(code: 0): The \"--columns\" option does not exist. at C:/laragon/www/obrt-racuni-laravel-app/vendor/symfony/console/Input/ArgvInput.php:226)
[stacktrace]
#0 C:/laragon/www/obrt-racuni-laravel-app/vendor/symfony/console/Input/ArgvInput.php(153): Symfony/Component/Console/Input/ArgvInput->addLongOption('columns', 'uri,name,action...')
#1 C:/laragon/www/obrt-racuni-laravel-app/vendor/symfony/console/Input/ArgvInput.php(88): Symfony/Component/Console/Input/ArgvInput->parseLongOption('--columns=uri,n...')
#2 C:/laragon/www/obrt-racuni-laravel-app/vendor/symfony/console/Input/ArgvInput.php(77): Symfony/Component/Console/Input/ArgvInput->parseToken('--columns=uri,n...', true)
#3 C:/laragon/www/obrt-racuni-laravel-app/vendor/symfony/console/Input/Input.php(53): Symfony/Component/Console/Input/ArgvInput->parse()
#4 C:/laragon/www/obrt-racuni-laravel-app/vendor/symfony/console/Command/Command.php(295): Symfony/Component/Console/Input/Input->bind(Object(Symfony/Component/Console/Input/InputDefinition))
#5 C:/laragon/www/obrt-racuni-laravel-app/vendor/laravel/framework/src/Illuminate/Console/Command.php(180): Symfony/Component/Console/Command/Command->run(Object(Symfony/Component/Console/Input/ArgvInput), Object(Illuminate/Console/OutputStyle))
#6 C:/laragon/www/obrt-racuni-laravel-app/vendor/symfony/console/Application.php(1102): Illuminate/Console/Command->run(Object(Symfony/Component/Console/Input/ArgvInput), Object(Symfony/Component/Console/Output/ConsoleOutput))
#7 C:/laragon/www/obrt-racuni-laravel-app/vendor/symfony/console/Application.php(356): Symfony/Component/Console/Application->doRunCommand(Object(Illuminate/Foundation/Console/RouteListCommand), Object(Symfony/Component/Console/Input/ArgvInput), Object(Symfony/Component/Console/Output/ConsoleOutput))
#8 C:/laragon/www/obrt-racuni-laravel-app/vendor/symfony/console/Application.php(195): Symfony/Component/Console/Application->doRun(Object(Symfony/Component/Console/Input/ArgvInput), Object(Symfony/Component/Console/Output/ConsoleOutput))
#9 C:/laragon/www/obrt-racuni-laravel-app/vendor/laravel/framework/src/Illuminate/Foundation/Console/Kernel.php(198): Symfony/Component/Console/Application->run(Object(Symfony/Component/Console/Input/ArgvInput), Object(Symfony/Component/Console/Output/ConsoleOutput))
#10 C:/laragon/www/obrt-racuni-laravel-app/vendor/laravel/framework/src/Illuminate/Foundation/Application.php(1235): Illuminate/Foundation/Console/Kernel->handle(Object(Symfony/Component/Console/Input/ArgvInput), Object(Symfony/Component/Console/Output/ConsoleOutput))
#11 C:/laragon/www/obrt-racuni-laravel-app/artisan(16): Illuminate/Foundation/Application->handleCommand(Object(Symfony/Component/Console/Input/ArgvInput))
#12 {main}
"} 
[2026-02-26 00:03:40] local.ERROR: The "--columns" option does not exist. {"exception":"[object] (Symfony\\Component\\Console\\Exception\\RuntimeException(code: 0): The \"--columns\" option does not exist. at C:/laragon/www/obrt-racuni-laravel-app/vendor/symfony/console/Input/ArgvInput.php:226)
[stacktrace]
#0 C:/laragon/www/obrt-racuni-laravel-app/vendor/symfony/console/Input/ArgvInput.php(153): Symfony/Component/Console/Input/ArgvInput->addLongOption('columns', 'uri,name,action...')
#1 C:/laragon/www/obrt-racuni-laravel-app/vendor/symfony/console/Input/ArgvInput.php(88): Symfony/Component/Console/Input/ArgvInput->parseLongOption('--columns=uri,n...')
#2 C:/laragon/www/obrt-racuni-laravel-app/vendor/symfony/console/Input/ArgvInput.php(77): Symfony/Component/Console/Input/ArgvInput->parseToken('--columns=uri,n...', true)
#3 C:/laragon/www/obrt-racuni-laravel-app/vendor/symfony/console/Input/Input.php(53): Symfony/Component/Console/Input/ArgvInput->parse()
#4 C:/laragon/www/obrt-racuni-laravel-app/vendor/symfony/console/Command/Command.php(295): Symfony/Component/Console/Input/Input->bind(Object(Symfony/Component/Console/Input/InputDefinition))
#5 C:/laragon/www/obrt-racuni-laravel-app/vendor/laravel/framework/src/Illuminate/Console/Command.php(180): Symfony/Component/Console/Command/Command->run(Object(Symfony/Component/Console/Input/ArgvInput), Object(Illuminate/Console/OutputStyle))
#6 C:/laragon/www/obrt-racuni-laravel-app/vendor/symfony/console/Application.php(1102): Illuminate/Console/Command->run(Object(Symfony/Component/Console/Input/ArgvInput), Object(Symfony/Component/Console/Output/ConsoleOutput))
#7 C:/laragon/www/obrt-racuni-laravel-app/vendor/symfony/console/Application.php(356): Symfony/Component/Console/Application->doRunCommand(Object(Illuminate/Foundation/Console/RouteListCommand), Object(Symfony/Component/Console/Input/ArgvInput), Object(Symfony/Component/Console/Output/ConsoleOutput))
#8 C:/laragon/www/obrt-racuni-laravel-app/vendor/symfony/console/Application.php(195): Symfony/Component/Console/Application->doRun(Object(Symfony/Component/Console/Input/ArgvInput), Object(Symfony/Component/Console/Output/ConsoleOutput))
#9 C:/laragon/www/obrt-racuni-laravel-app/vendor/laravel/framework/src/Illuminate/Foundation/Console/Kernel.php(198): Symfony/Component/Console/Application->run(Object(Symfony/Component/Console/Input/ArgvInput), Object(Symfony/Component/Console/Output/ConsoleOutput))
#10 C:/laragon/www/obrt-racuni-laravel-app/vendor/laravel/framework/src/Illuminate/Foundation/Application.php(1235): Illuminate/Foundation/Console/Kernel->handle(Object(Symfony/Component/Console/Input/ArgvInput), Object(Symfony/Component/Console/Output/ConsoleOutput))
#11 C:/laragon/www/obrt-racuni-laravel-app/artisan(16): Illuminate/Foundation/Application->handleCommand(Object(Symfony/Component/Console/Input/ArgvInput))
#12 {main}
"} 
[2026-02-26 00:03:44] local.ERROR: The "--columns" option does not exist. {"exception":"[object] (Symfony\\Component\\Console\\Exception\\RuntimeException(code: 0): The \"--columns\" option does not exist. at C:/laragon/www/obrt-racuni-laravel-app/vendor/symfony/console/Input/ArgvInput.php:226)
[stacktrace]
#0 C:/laragon/www/obrt-racuni-laravel-app/vendor/symfony/console/Input/ArgvInput.php(153): Symfony/Component/Console/Input/ArgvInput->addLongOption('columns', 'uri,name,action...')
#1 C:/laragon/www/obrt-racuni-laravel-app/vendor/symfony/console/Input/ArgvInput.php(88): Symfony/Component/Console/Input/ArgvInput->parseLongOption('--columns=uri,n...')
#2 C:/laragon/www/obrt-racuni-laravel-app/vendor/symfony/console/Input/ArgvInput.php(77): Symfony/Component/Console/Input/ArgvInput->parseToken('--columns=uri,n...', true)
#3 C:/laragon/www/obrt-racuni-laravel-app/vendor/symfony/console/Input/Input.php(53): Symfony/Component/Console/Input/ArgvInput->parse()
#4 C:/laragon/www/obrt-racuni-laravel-app/vendor/symfony/console/Command/Command.php(295): Symfony/Component/Console/Input/Input->bind(Object(Symfony/Component/Console/Input/InputDefinition))
#5 C:/laragon/www/obrt-racuni-laravel-app/vendor/laravel/framework/src/Illuminate/Console/Command.php(180): Symfony/Component/Console/Command/Command->run(Object(Symfony/Component/Console/Input/ArgvInput), Object(Illuminate/Console/OutputStyle))
#6 C:/laragon/www/obrt-racuni-laravel-app/vendor/symfony/console/Application.php(1102): Illuminate/Console/Command->run(Object(Symfony/Component/Console/Input/ArgvInput), Object(Symfony/Component/Console/Output/ConsoleOutput))
#7 C:/laragon/www/obrt-racuni-laravel-app/vendor/symfony/console/Application.php(356): Symfony/Component/Console/Application->doRunCommand(Object(Illuminate/Foundation/Console/RouteListCommand), Object(Symfony/Component/Console/Input/ArgvInput), Object(Symfony/Component/Console/Output/ConsoleOutput))
#8 C:/laragon/www/obrt-racuni-laravel-app/vendor/symfony/console/Application.php(195): Symfony/Component/Console/Application->doRun(Object(Symfony/Component/Console/Input/ArgvInput), Object(Symfony/Component/Console/Output/ConsoleOutput))
#9 C:/laragon/www/obrt-racuni-laravel-app/vendor/laravel/framework/src/Illuminate/Foundation/Console/Kernel.php(198): Symfony/Component/Console/Application->run(Object(Symfony/Component/Console/Input/ArgvInput), Object(Symfony/Component/Console/Output/ConsoleOutput))
#10 C:/laragon/www/obrt-racuni-laravel-app/vendor/laravel/framework/src/Illuminate/Foundation/Application.php(1235): Illuminate/Foundation/Console/Kernel->handle(Object(Symfony/Component/Console/Input/ArgvInput), Object(Symfony/Component/Console/Output/ConsoleOutput))
#11 C:/laragon/www/obrt-racuni-laravel-app/artisan(16): Illuminate/Foundation/Application->handleCommand(Object(Symfony/Component/Console/Input/ArgvInput))
#12 {main}
"} 
